[debug] [2023-12-23T23:29:16.271Z] ----------------------------------------------------------------------
[debug] [2023-12-23T23:29:16.273Z] Command:       /usr/local/bin/firebase /home/delbert/.cache/firebase/tools/lib/node_modules/firebase-tools/lib/bin/firebase init
[debug] [2023-12-23T23:29:16.273Z] CLI Version:   13.0.2
[debug] [2023-12-23T23:29:16.273Z] Platform:      linux
[debug] [2023-12-23T23:29:16.274Z] Node Version:  v18.5.0
[debug] [2023-12-23T23:29:16.274Z] Time:          Sun Dec 24 2023 00:29:16 GMT+0100 (West Africa Standard Time)
[debug] [2023-12-23T23:29:16.274Z] ----------------------------------------------------------------------
[debug] 
[debug] [2023-12-23T23:29:16.280Z] > command requires scopes: ["email","openid","https://www.googleapis.com/auth/cloudplatformprojects.readonly","https://www.googleapis.com/auth/firebase","https://www.googleapis.com/auth/cloud-platform"]
[debug] [2023-12-23T23:29:16.280Z] > authorizing via signed-in user (delbertdrums5@gmail.com)
[info] 
     ######## #### ########  ######## ########     ###     ######  ########
     ##        ##  ##     ## ##       ##     ##  ##   ##  ##       ##
     ######    ##  ########  ######   ########  #########  ######  ######
     ##        ##  ##    ##  ##       ##     ## ##     ##       ## ##
     ##       #### ##     ## ######## ########  ##     ##  ######  ########

You're about to initialize a Firebase project in this directory:

  /home/delbert/Desktop/Widget-of-the-day

[info] 
=== Project Setup
[info] 
[info] First, let's associate this project directory with a Firebase project.
[info] You can create multiple project aliases by running firebase use --add, 
[info] but for now we'll just set up a default project.
[info] 
[debug] [2023-12-23T23:36:50.092Z] >>> [apiv2][query] GET https://firebase.googleapis.com/v1beta1/projects pageSize=100
[debug] [2023-12-23T23:36:51.453Z] <<< [apiv2][status] GET https://firebase.googleapis.com/v1beta1/projects 200
[debug] [2023-12-23T23:36:51.453Z] <<< [apiv2][body] GET https://firebase.googleapis.com/v1beta1/projects [omitted]
[info] i  Using project timestable-ae7b8 (TimesTable) 
[info] 
=== Database Setup
[info] i  database: ensuring required API firebasedatabase.googleapis.com is enabled... 
[debug] [2023-12-23T23:37:05.267Z] >>> [apiv2][query] GET https://serviceusage.googleapis.com/v1/projects/timestable-ae7b8/services/firebasedatabase.googleapis.com [none]
[debug] [2023-12-23T23:37:05.268Z] >>> [apiv2][(partial)header] GET https://serviceusage.googleapis.com/v1/projects/timestable-ae7b8/services/firebasedatabase.googleapis.com x-goog-quota-user=projects/timestable-ae7b8
[debug] [2023-12-23T23:37:14.802Z] <<< [apiv2][status] GET https://serviceusage.googleapis.com/v1/projects/timestable-ae7b8/services/firebasedatabase.googleapis.com 200
[debug] [2023-12-23T23:37:14.803Z] <<< [apiv2][body] GET https://serviceusage.googleapis.com/v1/projects/timestable-ae7b8/services/firebasedatabase.googleapis.com [omitted]
[warn] ⚠  database: missing required API firebasedatabase.googleapis.com. Enabling now... 
[debug] [2023-12-23T23:37:14.804Z] >>> [apiv2][query] POST https://serviceusage.googleapis.com/v1/projects/timestable-ae7b8/services/firebasedatabase.googleapis.com:enable [none]
[debug] [2023-12-23T23:37:14.804Z] >>> [apiv2][(partial)header] POST https://serviceusage.googleapis.com/v1/projects/timestable-ae7b8/services/firebasedatabase.googleapis.com:enable x-goog-quota-user=projects/timestable-ae7b8
[debug] [2023-12-23T23:37:16.955Z] <<< [apiv2][status] POST https://serviceusage.googleapis.com/v1/projects/timestable-ae7b8/services/firebasedatabase.googleapis.com:enable 200
[debug] [2023-12-23T23:37:16.956Z] <<< [apiv2][body] POST https://serviceusage.googleapis.com/v1/projects/timestable-ae7b8/services/firebasedatabase.googleapis.com:enable [omitted]
[debug] [2023-12-23T23:37:26.963Z] >>> [apiv2][query] GET https://serviceusage.googleapis.com/v1/projects/timestable-ae7b8/services/firebasedatabase.googleapis.com [none]
[debug] [2023-12-23T23:37:26.963Z] >>> [apiv2][(partial)header] GET https://serviceusage.googleapis.com/v1/projects/timestable-ae7b8/services/firebasedatabase.googleapis.com x-goog-quota-user=projects/timestable-ae7b8
[debug] [2023-12-23T23:37:30.167Z] <<< [apiv2][status] GET https://serviceusage.googleapis.com/v1/projects/timestable-ae7b8/services/firebasedatabase.googleapis.com 200
[debug] [2023-12-23T23:37:30.167Z] <<< [apiv2][body] GET https://serviceusage.googleapis.com/v1/projects/timestable-ae7b8/services/firebasedatabase.googleapis.com [omitted]
[info] ✔  database: required API firebasedatabase.googleapis.com is enabled 
[info] 
[debug] [2023-12-23T23:37:30.171Z] >>> [apiv2][query] GET https://firebase.googleapis.com/v1beta1/projects/timestable-ae7b8 [none]
[debug] [2023-12-23T23:37:30.884Z] <<< [apiv2][status] GET https://firebase.googleapis.com/v1beta1/projects/timestable-ae7b8 200
[debug] [2023-12-23T23:37:30.884Z] <<< [apiv2][body] GET https://firebase.googleapis.com/v1beta1/projects/timestable-ae7b8 {"projectId":"timestable-ae7b8","projectNumber":"654932113415","displayName":"TimesTable","name":"projects/timestable-ae7b8","resources":{"hostingSite":"timestable-ae7b8"},"state":"ACTIVE","etag":"1_5a726d7a-8522-482d-ad59-f346d6ce31dd"}
[debug] [2023-12-23T23:38:22.170Z] >>> [apiv2][query] POST https://firebasedatabase.googleapis.com/v1beta/projects/timestable-ae7b8/locations/us-central1/instances databaseId=timestable-ae7b8-default-rtdb&validateOnly=true
[debug] [2023-12-23T23:38:22.170Z] >>> [apiv2][body] POST https://firebasedatabase.googleapis.com/v1beta/projects/timestable-ae7b8/locations/us-central1/instances {"type":"default_database"}
[debug] [2023-12-23T23:38:32.181Z] *** [apiv2] error from fetch(https://firebasedatabase.googleapis.com/v1beta/projects/timestable-ae7b8/locations/us-central1/instances?databaseId=timestable-ae7b8-default-rtdb&validateOnly=true, {"headers":{},"method":"POST","signal":{},"body":"{\"type\":\"default_database\"}"}): AbortError: The user aborted a request.
[debug] [2023-12-23T23:38:32.181Z] Invalid Realtime Database instance name: timestable-ae7b8-default-rtdb. Timeout reached making request to https://firebasedatabase.googleapis.com/v1beta/projects/timestable-ae7b8/locations/us-central1/instances?databaseId=timestable-ae7b8-default-rtdb&validateOnly=true
[debug] [2023-12-23T23:38:33.389Z] TypeError: Cannot read properties of undefined (reading 'body')
    at checkInstanceNameAvailable (/home/delbert/.cache/firebase/tools/lib/node_modules/firebase-tools/lib/management/database.js:106:37)
    at process.processTicksAndRejections (node:internal/process/task_queues:95:5)
    at async createDefaultDatabaseInstance (/home/delbert/.cache/firebase/tools/lib/node_modules/firebase-tools/lib/init/features/database.js:49:25)
    at async doSetup (/home/delbert/.cache/firebase/tools/lib/node_modules/firebase-tools/lib/init/features/database.js:88:35)
    at async init (/home/delbert/.cache/firebase/tools/lib/node_modules/firebase-tools/lib/init/index.js:37:9)
[error] 
[error] Error: An unexpected error has occurred.
